{"level":"info","message":"User team created successfully","sections":["67b9bd5d3853ccb438dee64f","67b9c3cc3853ccb438dee662"],"teamId":"67bb47dcb9eeec65fad8c8a3","timestamp":"2025-02-23T16:07:56.551Z","userId":"EwhrLp8RRmD3qMmBessxRLL8qrgHVT6jodAdswErXabL"}
{"level":"info","message":"User team created successfully","sections":["67b9bd5d3853ccb438dee64f","67b9c3cc3853ccb438dee662"],"teamId":"67bb51575fe698f6598c00f3","timestamp":"2025-02-23T16:48:23.681Z","userId":"EwhrLp8RRmD3qMmBessxRLL8qrgHVT6jodAdswErXabL"}
{"level":"info","message":"User team created successfully","sections":["67b9bd5d3853ccb438dee64f","67b9c3cc3853ccb438dee662"],"teamId":"67bb51f15fe698f6598c0107","timestamp":"2025-02-23T16:50:57.803Z","userId":"EwhrLp8RRmD3qMmBessxRLL8qrgHVT6jodAdswErXabL"}
{"level":"info","message":"User team created successfully","sections":["67b9bd5d3853ccb438dee64f","67b9c3cc3853ccb438dee662"],"teamId":"67bb540d5fe698f6598c0115","timestamp":"2025-02-23T16:59:57.535Z","userId":"EwhrLp8RRmD3qMmBessxRLL8qrgHVT6jodAdswErXabL"}
{"level":"info","message":"User team created successfully","sections":["67b9bd5d3853ccb438dee64f","67b9c3cc3853ccb438dee662"],"teamId":"67bb54ce5fe698f6598c0128","timestamp":"2025-02-23T17:03:11.061Z","userId":"EwhrLp8RRmD3qMmBessxRLL8qrgHVT6jodAdswErXabL"}
{"level":"info","message":"User team created successfully","sections":["67b9bd5d3853ccb438dee64f","67b9c3cc3853ccb438dee662"],"teamId":"67bb55945fe698f6598c013b","timestamp":"2025-02-23T17:06:28.410Z","userId":"EwhrLp8RRmD3qMmBessxRLL8qrgHVT6jodAdswErXabL"}
{"level":"info","message":"User team created successfully","sections":["67b9bd5d3853ccb438dee64f","67b9c3cc3853ccb438dee662"],"teamId":"67bb565d5fe698f6598c014f","timestamp":"2025-02-23T17:09:49.874Z","userId":"EwhrLp8RRmD3qMmBessxRLL8qrgHVT6jodAdswErXabL"}
{"level":"info","message":"User team created successfully","sections":["67b9bd5d3853ccb438dee64f","67b9c3cc3853ccb438dee662"],"teamId":"67bb581d5fe698f6598c0162","timestamp":"2025-02-23T17:17:18.135Z","userId":"EwhrLp8RRmD3qMmBessxRLL8qrgHVT6jodAdswErXabL"}
{"level":"info","message":"User team created successfully","sections":["67b9bd5d3853ccb438dee64f","67b9c3cc3853ccb438dee662"],"teamId":"67bb58da5fe698f6598c0174","timestamp":"2025-02-23T17:20:26.315Z","userId":"EwhrLp8RRmD3qMmBessxRLL8qrgHVT6jodAdswErXabL"}
{"level":"info","message":"User team created successfully","sections":["67b9bd5d3853ccb438dee64f","67b9c3cc3853ccb438dee662"],"teamId":"67bb5a3e5fe698f6598c0184","timestamp":"2025-02-23T17:26:22.845Z","userId":"EwhrLp8RRmD3qMmBessxRLL8qrgHVT6jodAdswErXabL"}
{"level":"info","message":"User team created successfully","sections":["67b9bd5d3853ccb438dee64f","67b9c3cc3853ccb438dee662"],"teamId":"67bb5ac05fe698f6598c0194","timestamp":"2025-02-23T17:28:32.308Z","userId":"EwhrLp8RRmD3qMmBessxRLL8qrgHVT6jodAdswErXabL"}
{"level":"info","message":"User team created successfully","sections":["67b9bd5d3853ccb438dee64f","67b9c3cc3853ccb438dee662"],"teamId":"67bb5b1d5fe698f6598c01a4","timestamp":"2025-02-23T17:30:05.187Z","userId":"EwhrLp8RRmD3qMmBessxRLL8qrgHVT6jodAdswErXabL"}
{"level":"info","message":"User team created successfully","sections":["67b9bd5d3853ccb438dee64f","67b9c3cc3853ccb438dee662"],"teamId":"67bb5c7a5fe698f6598c01b4","timestamp":"2025-02-23T17:35:54.717Z","userId":"EwhrLp8RRmD3qMmBessxRLL8qrgHVT6jodAdswErXabL"}
{"level":"info","message":"User team created successfully","sections":["67b9bd5d3853ccb438dee64f","67b9c3cc3853ccb438dee662"],"teamId":"67bb5cc35fe698f6598c01c6","timestamp":"2025-02-23T17:37:07.851Z","userId":"EwhrLp8RRmD3qMmBessxRLL8qrgHVT6jodAdswErXabL"}
{"level":"info","message":"User team created successfully","sections":["67b9bd5d3853ccb438dee64f","67b9c3cc3853ccb438dee662"],"teamId":"67bb5d6e5fe698f6598c01d6","timestamp":"2025-02-23T17:39:58.637Z","userId":"EwhrLp8RRmD3qMmBessxRLL8qrgHVT6jodAdswErXabL"}
{"level":"info","message":"User team created successfully","sections":["67b9bd5d3853ccb438dee64f","67b9c3cc3853ccb438dee662"],"teamId":"67bb5e315fe698f6598c01e6","timestamp":"2025-02-23T17:43:13.951Z","userId":"EwhrLp8RRmD3qMmBessxRLL8qrgHVT6jodAdswErXabL"}
{"level":"info","message":"User team created successfully","sections":["67b9bd5d3853ccb438dee64f","67b9c3cc3853ccb438dee662"],"teamId":"67bb60e25fe698f6598c01fc","timestamp":"2025-02-23T17:54:42.313Z","userId":"EwhrLp8RRmD3qMmBessxRLL8qrgHVT6jodAdswErXabL"}
{"level":"info","message":"User team created successfully","sections":["67b9c3cc3853ccb438dee662","67b9bd5d3853ccb438dee64f"],"teamId":"67bf21ade3dd5bda220932b1","timestamp":"2025-02-26T14:14:05.946Z","tournamentId":"67be04dbf74acb9b4090b984","userId":"EwhrLp8RRmD3qMmBessxRLL8qrgHVT6jodAdswErXabL","walletUserId":"67bdc2ff094274e78cbe267b"}
{"level":"info","message":"User team created successfully","sections":["67b9c3cc3853ccb438dee662","67b9bd5d3853ccb438dee64f"],"teamId":"67bf225de3dd5bda220932d9","timestamp":"2025-02-26T14:17:01.805Z","tournamentId":"67be04dbf74acb9b4090b984","userId":"EwhrLp8RRmD3qMmBessxRLL8qrgHVT6jodAdswErXabL","walletUserId":"67bdc2ff094274e78cbe267b"}
{"level":"info","message":"User team created successfully","sections":["67b9c3cc3853ccb438dee662","67b9bd5d3853ccb438dee64f"],"teamId":"67bf2d70329955a26ced8c4c","timestamp":"2025-02-26T15:04:17.045Z","tournamentId":"67be04dbf74acb9b4090b984","userId":"EwhrLp8RRmD3qMmBessxRLL8qrgHVT6jodAdswErXabL","walletUserId":"67bdc2ff094274e78cbe267b"}
{"level":"info","message":"User team created successfully","sections":["67b9bd5d3853ccb438dee64f","67b9c3cc3853ccb438dee662"],"teamId":"67bf3076329955a26ced8cf5","timestamp":"2025-02-26T15:17:10.474Z","tournamentId":"67be04dbf74acb9b4090b984","userId":"EwhrLp8RRmD3qMmBessxRLL8qrgHVT6jodAdswErXabL","walletUserId":"67bdc2ff094274e78cbe267b"}
{"level":"info","message":"User team created successfully","sections":["67b9c3cc3853ccb438dee662","67b9bd5d3853ccb438dee64f"],"teamId":"67c064ec82ffc69e5b28d0a1","timestamp":"2025-02-27T13:13:16.925Z","tournamentId":"67be04dbf74acb9b4090b984","userId":"Ac8tsupFQzfhES79QCUuSjfixsrhzxHpMJMGGS5Arv8f","walletUserId":"67bf584b3ab0f70faae93b10"}
{"level":"info","message":"User team created successfully","sections":["67b9c3cc3853ccb438dee662","67b9bd5d3853ccb438dee64f"],"teamId":"67c07930a23083a31400df79","timestamp":"2025-02-27T14:39:44.467Z","tournamentId":"67be04dbf74acb9b4090b984","userId":"EwhrLp8RRmD3qMmBessxRLL8qrgHVT6jodAdswErXabL","walletUserId":"67bdc2ff094274e78cbe267b"}
{"level":"info","message":"User team created successfully","sections":["67b9c3cc3853ccb438dee662","67b9bd5d3853ccb438dee64f"],"teamId":"67c096aa9cd2bb130a0b44a3","timestamp":"2025-02-27T16:45:30.834Z","tournamentId":"67c0916399837d8521b58244","userId":"EwhrLp8RRmD3qMmBessxRLL8qrgHVT6jodAdswErXabL","walletUserId":"67bdc2ff094274e78cbe267b"}
{"level":"info","message":"User team created successfully","sections":["67b9c3cc3853ccb438dee662","67b9bd5d3853ccb438dee64f"],"teamId":"67c0aff3a9ad7c556b796ddc","timestamp":"2025-02-27T18:33:24.003Z","tournamentId":"67c0afb8a9ad7c556b796da4","userId":"EwhrLp8RRmD3qMmBessxRLL8qrgHVT6jodAdswErXabL","walletUserId":"67bdc2ff094274e78cbe267b"}
{"level":"info","message":"User team created successfully","sections":["67b9c3cc3853ccb438dee662","67b9bd5d3853ccb438dee64f"],"teamId":"67c19d2e41bbfe73b2e186d8","timestamp":"2025-02-28T11:25:34.810Z","tournamentId":"67c0916399837d8521b58244","userId":"EwhrLp8RRmD3qMmBessxRLL8qrgHVT6jodAdswErXabL","walletUserId":"67bdc2ff094274e78cbe267b"}
{"level":"info","message":"User team created successfully","sections":["67b9c3cc3853ccb438dee662","67b9bd5d3853ccb438dee64f"],"teamId":"67c1de53c9ac678fb3b25867","timestamp":"2025-02-28T16:03:31.652Z","tournamentId":"67c0baed1904a11af5196061","userId":"EwhrLp8RRmD3qMmBessxRLL8qrgHVT6jodAdswErXabL","walletUserId":"67bdc2ff094274e78cbe267b"}
{"level":"info","message":"User team created successfully","sections":["67b9c3cc3853ccb438dee662","67b9bd5d3853ccb438dee64f"],"teamId":"67c2e5711b32bc9d96a94d97","timestamp":"2025-03-01T10:46:09.872Z","tournamentId":"67c0916399837d8521b58244","userId":"EwhrLp8RRmD3qMmBessxRLL8qrgHVT6jodAdswErXabL","walletUserId":"67bdc2ff094274e78cbe267b"}
{"level":"info","message":"User team created successfully","sections":["67c34cc800fd1749a7c04ff2","67c34d4c00fd1749a7c04ffd"],"teamId":"67c34e0b00fd1749a7c05022","timestamp":"2025-03-01T18:12:27.903Z","tournamentId":"67c0916399837d8521b58244","userId":"EwhrLp8RRmD3qMmBessxRLL8qrgHVT6jodAdswErXabL","walletUserId":"67bdc2ff094274e78cbe267b"}
{"level":"info","message":"User team created successfully","sections":["67c34d4c00fd1749a7c04ffd","67c34cc800fd1749a7c04ff2"],"teamId":"67c429bedcf2af5535b12009","timestamp":"2025-03-02T09:49:51.145Z","tournamentId":"67c421d473bdef9ba607b978","userId":"EwhrLp8RRmD3qMmBessxRLL8qrgHVT6jodAdswErXabL","walletUserId":"67bdc2ff094274e78cbe267b"}
{"level":"info","message":"User team created successfully","sections":["67c34cc800fd1749a7c04ff2","67c34d4c00fd1749a7c04ffd"],"teamId":"67c431c555c12e2d767fcd54","timestamp":"2025-03-02T10:24:06.211Z","tournamentId":"67c421d473bdef9ba607b978","userId":"EwhrLp8RRmD3qMmBessxRLL8qrgHVT6jodAdswErXabL","walletUserId":"67bdc2ff094274e78cbe267b"}
{"level":"info","message":"User team created successfully","sections":["67c34d4c00fd1749a7c04ffd","67c34cc800fd1749a7c04ff2"],"teamId":"67c5af116e7cb6fce1e634b8","timestamp":"2025-03-03T13:30:57.771Z","tournamentId":"67c59dca352c5a8041ae625f","userId":"HG2SQgjkftPvry8DFMgsQvcJraXq4SXf6yhScZ8cCUJU","walletUserId":"67c20f528a8d9a99c4fde6a8"}
{"level":"info","message":"User team created successfully","sections":["67c34cc800fd1749a7c04ff2"],"teamId":"67c606380ec11733ed991e4e","timestamp":"2025-03-03T19:42:48.808Z","tournamentId":"67c5c1378abadb30951309c6","userId":"EfWsg4nbb7KXkCoTRbWfkzyfcSECFueZXtxYPxTuJkyB","walletUserId":"67c20cda8a8d9a99c4fde689"}
{"level":"info","message":"User team created successfully","sections":["67c34cc800fd1749a7c04ff2"],"teamId":"67c6be12724a019fc2e85ee9","timestamp":"2025-03-04T08:47:14.551Z","tournamentId":"67c6bb15e4695ef0d371e4c0","userId":"5AEfZpzDQwBszimu2JEY88kMqYjCygUWVQwN1GhXFv1D","walletUserId":"67c4c1d2eab63725e536eac8"}
{"level":"info","message":"User team created successfully","sections":["67c34cc800fd1749a7c04ff2","67c34d4c00fd1749a7c04ffd"],"teamId":"67c7268d1ed808f242fea23a","timestamp":"2025-03-04T16:13:01.289Z","tournamentId":"67c6bb15e4695ef0d371e4c0","userId":"EfWsg4nbb7KXkCoTRbWfkzyfcSECFueZXtxYPxTuJkyB","walletUserId":"67c20cda8a8d9a99c4fde689"}
